<?xml version="1.0" encoding="UTF-8"?>
<testsuite xmlns:xsi="http://www.w3.org/2001/XMLSchema-instance" xsi:noNamespaceSchemaLocation="https://maven.apache.org/surefire/maven-surefire-plugin/xsd/surefire-test-report.xsd" name="com.example.demo.DemoApplicationTests" time="3.057" tests="1" errors="0" skipped="0" failures="0">
  <properties>
    <property name="sun.desktop" value="windows"/>
    <property name="awt.toolkit" value="sun.awt.windows.WToolkit"/>
    <property name="file.encoding.pkg" value="sun.io"/>
    <property name="java.specification.version" value="1.8"/>
    <property name="sun.cpu.isalist" value="amd64"/>
    <property name="sun.jnu.encoding" value="GBK"/>
    <property name="java.class.path" value="E:\workspace\IDEA_workspace\myBlog\blog_back\target\test-classes;E:\workspace\IDEA_workspace\myBlog\blog_back\target\classes;D:\maven\LocalRepository\org\springframework\boot\spring-boot-starter\2.4.2\spring-boot-starter-2.4.2.jar;D:\maven\LocalRepository\org\springframework\boot\spring-boot\2.4.2\spring-boot-2.4.2.jar;D:\maven\LocalRepository\org\springframework\spring-context\5.3.3\spring-context-5.3.3.jar;D:\maven\LocalRepository\org\springframework\boot\spring-boot-autoconfigure\2.4.2\spring-boot-autoconfigure-2.4.2.jar;D:\maven\LocalRepository\org\springframework\boot\spring-boot-starter-logging\2.4.2\spring-boot-starter-logging-2.4.2.jar;D:\maven\LocalRepository\ch\qos\logback\logback-classic\1.2.3\logback-classic-1.2.3.jar;D:\maven\LocalRepository\ch\qos\logback\logback-core\1.2.3\logback-core-1.2.3.jar;D:\maven\LocalRepository\org\apache\logging\log4j\log4j-to-slf4j\2.13.3\log4j-to-slf4j-2.13.3.jar;D:\maven\LocalRepository\org\apache\logging\log4j\log4j-api\2.13.3\log4j-api-2.13.3.jar;D:\maven\LocalRepository\org\slf4j\jul-to-slf4j\1.7.30\jul-to-slf4j-1.7.30.jar;D:\maven\LocalRepository\jakarta\annotation\jakarta.annotation-api\1.3.5\jakarta.annotation-api-1.3.5.jar;D:\maven\LocalRepository\org\springframework\spring-core\5.3.3\spring-core-5.3.3.jar;D:\maven\LocalRepository\org\springframework\spring-jcl\5.3.3\spring-jcl-5.3.3.jar;D:\maven\LocalRepository\org\yaml\snakeyaml\1.27\snakeyaml-1.27.jar;D:\maven\LocalRepository\org\springframework\boot\spring-boot-starter-test\2.4.2\spring-boot-starter-test-2.4.2.jar;D:\maven\LocalRepository\org\springframework\boot\spring-boot-test\2.4.2\spring-boot-test-2.4.2.jar;D:\maven\LocalRepository\org\springframework\boot\spring-boot-test-autoconfigure\2.4.2\spring-boot-test-autoconfigure-2.4.2.jar;D:\maven\LocalRepository\com\jayway\jsonpath\json-path\2.4.0\json-path-2.4.0.jar;D:\maven\LocalRepository\net\minidev\json-smart\2.3\json-smart-2.3.jar;D:\maven\LocalRepository\net\minidev\accessors-smart\1.2\accessors-smart-1.2.jar;D:\maven\LocalRepository\org\ow2\asm\asm\5.0.4\asm-5.0.4.jar;D:\maven\LocalRepository\org\slf4j\slf4j-api\1.7.30\slf4j-api-1.7.30.jar;D:\maven\LocalRepository\jakarta\xml\bind\jakarta.xml.bind-api\2.3.3\jakarta.xml.bind-api-2.3.3.jar;D:\maven\LocalRepository\jakarta\activation\jakarta.activation-api\1.2.2\jakarta.activation-api-1.2.2.jar;D:\maven\LocalRepository\org\assertj\assertj-core\3.18.1\assertj-core-3.18.1.jar;D:\maven\LocalRepository\org\hamcrest\hamcrest\2.2\hamcrest-2.2.jar;D:\maven\LocalRepository\org\junit\jupiter\junit-jupiter\5.7.0\junit-jupiter-5.7.0.jar;D:\maven\LocalRepository\org\junit\jupiter\junit-jupiter-api\5.7.0\junit-jupiter-api-5.7.0.jar;D:\maven\LocalRepository\org\apiguardian\apiguardian-api\1.1.0\apiguardian-api-1.1.0.jar;D:\maven\LocalRepository\org\opentest4j\opentest4j\1.2.0\opentest4j-1.2.0.jar;D:\maven\LocalRepository\org\junit\platform\junit-platform-commons\1.7.0\junit-platform-commons-1.7.0.jar;D:\maven\LocalRepository\org\junit\jupiter\junit-jupiter-params\5.7.0\junit-jupiter-params-5.7.0.jar;D:\maven\LocalRepository\org\junit\jupiter\junit-jupiter-engine\5.7.0\junit-jupiter-engine-5.7.0.jar;D:\maven\LocalRepository\org\junit\platform\junit-platform-engine\1.7.0\junit-platform-engine-1.7.0.jar;D:\maven\LocalRepository\org\mockito\mockito-core\3.6.28\mockito-core-3.6.28.jar;D:\maven\LocalRepository\net\bytebuddy\byte-buddy\1.10.19\byte-buddy-1.10.19.jar;D:\maven\LocalRepository\net\bytebuddy\byte-buddy-agent\1.10.19\byte-buddy-agent-1.10.19.jar;D:\maven\LocalRepository\org\objenesis\objenesis\3.1\objenesis-3.1.jar;D:\maven\LocalRepository\org\mockito\mockito-junit-jupiter\3.6.28\mockito-junit-jupiter-3.6.28.jar;D:\maven\LocalRepository\org\skyscreamer\jsonassert\1.5.0\jsonassert-1.5.0.jar;D:\maven\LocalRepository\org\springframework\spring-test\5.3.3\spring-test-5.3.3.jar;D:\maven\LocalRepository\org\xmlunit\xmlunit-core\2.7.0\xmlunit-core-2.7.0.jar;D:\maven\LocalRepository\mysql\mysql-connector-java\8.0.23\mysql-connector-java-8.0.23.jar;D:\maven\LocalRepository\org\mybatis\mybatis\3.5.6\mybatis-3.5.6.jar;D:\maven\LocalRepository\org\springframework\boot\spring-boot-starter-web\2.4.2\spring-boot-starter-web-2.4.2.jar;D:\maven\LocalRepository\org\springframework\boot\spring-boot-starter-json\2.4.2\spring-boot-starter-json-2.4.2.jar;D:\maven\LocalRepository\com\fasterxml\jackson\core\jackson-databind\2.11.4\jackson-databind-2.11.4.jar;D:\maven\LocalRepository\com\fasterxml\jackson\core\jackson-annotations\2.11.4\jackson-annotations-2.11.4.jar;D:\maven\LocalRepository\com\fasterxml\jackson\core\jackson-core\2.11.4\jackson-core-2.11.4.jar;D:\maven\LocalRepository\com\fasterxml\jackson\datatype\jackson-datatype-jdk8\2.11.4\jackson-datatype-jdk8-2.11.4.jar;D:\maven\LocalRepository\com\fasterxml\jackson\datatype\jackson-datatype-jsr310\2.11.4\jackson-datatype-jsr310-2.11.4.jar;D:\maven\LocalRepository\com\fasterxml\jackson\module\jackson-module-parameter-names\2.11.4\jackson-module-parameter-names-2.11.4.jar;D:\maven\LocalRepository\org\springframework\spring-web\5.3.3\spring-web-5.3.3.jar;D:\maven\LocalRepository\org\springframework\spring-beans\5.3.3\spring-beans-5.3.3.jar;D:\maven\LocalRepository\org\springframework\spring-webmvc\5.3.3\spring-webmvc-5.3.3.jar;D:\maven\LocalRepository\org\springframework\spring-aop\5.3.3\spring-aop-5.3.3.jar;D:\maven\LocalRepository\org\springframework\spring-expression\5.3.3\spring-expression-5.3.3.jar;D:\maven\LocalRepository\org\mybatis\spring\boot\mybatis-spring-boot-starter\2.1.4\mybatis-spring-boot-starter-2.1.4.jar;D:\maven\LocalRepository\org\springframework\boot\spring-boot-starter-jdbc\2.4.2\spring-boot-starter-jdbc-2.4.2.jar;D:\maven\LocalRepository\com\zaxxer\HikariCP\3.4.5\HikariCP-3.4.5.jar;D:\maven\LocalRepository\org\springframework\spring-jdbc\5.3.3\spring-jdbc-5.3.3.jar;D:\maven\LocalRepository\org\springframework\spring-tx\5.3.3\spring-tx-5.3.3.jar;D:\maven\LocalRepository\org\mybatis\spring\boot\mybatis-spring-boot-autoconfigure\2.1.4\mybatis-spring-boot-autoconfigure-2.1.4.jar;D:\maven\LocalRepository\org\mybatis\mybatis-spring\2.0.6\mybatis-spring-2.0.6.jar;D:\maven\LocalRepository\org\springframework\boot\spring-boot-starter-thymeleaf\2.4.2\spring-boot-starter-thymeleaf-2.4.2.jar;D:\maven\LocalRepository\org\thymeleaf\thymeleaf-spring5\3.0.12.RELEASE\thymeleaf-spring5-3.0.12.RELEASE.jar;D:\maven\LocalRepository\org\thymeleaf\thymeleaf\3.0.12.RELEASE\thymeleaf-3.0.12.RELEASE.jar;D:\maven\LocalRepository\org\attoparser\attoparser\2.0.5.RELEASE\attoparser-2.0.5.RELEASE.jar;D:\maven\LocalRepository\org\unbescape\unbescape\1.1.6.RELEASE\unbescape-1.1.6.RELEASE.jar;D:\maven\LocalRepository\org\thymeleaf\extras\thymeleaf-extras-java8time\3.0.4.RELEASE\thymeleaf-extras-java8time-3.0.4.RELEASE.jar;D:\maven\LocalRepository\com\vaadin\external\google\android-json\0.0.20131108.vaadin1\android-json-0.0.20131108.vaadin1.jar;D:\maven\LocalRepository\org\springframework\boot\spring-boot-starter-tomcat\2.4.2\spring-boot-starter-tomcat-2.4.2.jar;D:\maven\LocalRepository\org\apache\tomcat\embed\tomcat-embed-core\9.0.41\tomcat-embed-core-9.0.41.jar;D:\maven\LocalRepository\org\glassfish\jakarta.el\3.0.3\jakarta.el-3.0.3.jar;D:\maven\LocalRepository\org\apache\tomcat\embed\tomcat-embed-websocket\9.0.41\tomcat-embed-websocket-9.0.41.jar;D:\maven\LocalRepository\javax\servlet\javax.servlet-api\3.1.0\javax.servlet-api-3.1.0.jar;D:\maven\LocalRepository\commons-codec\commons-codec\1.6\commons-codec-1.6.jar;"/>
    <property name="java.vm.vendor" value="Oracle Corporation"/>
    <property name="sun.arch.data.model" value="64"/>
    <property name="user.variant" value=""/>
    <property name="java.vendor.url" value="http://java.oracle.com/"/>
    <property name="user.timezone" value="Asia/Shanghai"/>
    <property name="java.vm.specification.version" value="1.8"/>
    <property name="os.name" value="Windows 10"/>
    <property name="user.country" value="CN"/>
    <property name="sun.java.launcher" value="SUN_STANDARD"/>
    <property name="sun.boot.library.path" value="D:\java\jdk\jre\bin"/>
    <property name="sun.java.command" value="C:\Users\18041\AppData\Local\Temp\surefire4211127372012235755\surefirebooter5755926152464511483.jar C:\Users\18041\AppData\Local\Temp\surefire4211127372012235755 2022-05-04T22-22-23_420-jvmRun1 surefire3022323186630528906tmp surefire_08361111634357288372tmp"/>
    <property name="surefire.test.class.path" value="E:\workspace\IDEA_workspace\myBlog\blog_back\target\test-classes;E:\workspace\IDEA_workspace\myBlog\blog_back\target\classes;D:\maven\LocalRepository\org\springframework\boot\spring-boot-starter\2.4.2\spring-boot-starter-2.4.2.jar;D:\maven\LocalRepository\org\springframework\boot\spring-boot\2.4.2\spring-boot-2.4.2.jar;D:\maven\LocalRepository\org\springframework\spring-context\5.3.3\spring-context-5.3.3.jar;D:\maven\LocalRepository\org\springframework\boot\spring-boot-autoconfigure\2.4.2\spring-boot-autoconfigure-2.4.2.jar;D:\maven\LocalRepository\org\springframework\boot\spring-boot-starter-logging\2.4.2\spring-boot-starter-logging-2.4.2.jar;D:\maven\LocalRepository\ch\qos\logback\logback-classic\1.2.3\logback-classic-1.2.3.jar;D:\maven\LocalRepository\ch\qos\logback\logback-core\1.2.3\logback-core-1.2.3.jar;D:\maven\LocalRepository\org\apache\logging\log4j\log4j-to-slf4j\2.13.3\log4j-to-slf4j-2.13.3.jar;D:\maven\LocalRepository\org\apache\logging\log4j\log4j-api\2.13.3\log4j-api-2.13.3.jar;D:\maven\LocalRepository\org\slf4j\jul-to-slf4j\1.7.30\jul-to-slf4j-1.7.30.jar;D:\maven\LocalRepository\jakarta\annotation\jakarta.annotation-api\1.3.5\jakarta.annotation-api-1.3.5.jar;D:\maven\LocalRepository\org\springframework\spring-core\5.3.3\spring-core-5.3.3.jar;D:\maven\LocalRepository\org\springframework\spring-jcl\5.3.3\spring-jcl-5.3.3.jar;D:\maven\LocalRepository\org\yaml\snakeyaml\1.27\snakeyaml-1.27.jar;D:\maven\LocalRepository\org\springframework\boot\spring-boot-starter-test\2.4.2\spring-boot-starter-test-2.4.2.jar;D:\maven\LocalRepository\org\springframework\boot\spring-boot-test\2.4.2\spring-boot-test-2.4.2.jar;D:\maven\LocalRepository\org\springframework\boot\spring-boot-test-autoconfigure\2.4.2\spring-boot-test-autoconfigure-2.4.2.jar;D:\maven\LocalRepository\com\jayway\jsonpath\json-path\2.4.0\json-path-2.4.0.jar;D:\maven\LocalRepository\net\minidev\json-smart\2.3\json-smart-2.3.jar;D:\maven\LocalRepository\net\minidev\accessors-smart\1.2\accessors-smart-1.2.jar;D:\maven\LocalRepository\org\ow2\asm\asm\5.0.4\asm-5.0.4.jar;D:\maven\LocalRepository\org\slf4j\slf4j-api\1.7.30\slf4j-api-1.7.30.jar;D:\maven\LocalRepository\jakarta\xml\bind\jakarta.xml.bind-api\2.3.3\jakarta.xml.bind-api-2.3.3.jar;D:\maven\LocalRepository\jakarta\activation\jakarta.activation-api\1.2.2\jakarta.activation-api-1.2.2.jar;D:\maven\LocalRepository\org\assertj\assertj-core\3.18.1\assertj-core-3.18.1.jar;D:\maven\LocalRepository\org\hamcrest\hamcrest\2.2\hamcrest-2.2.jar;D:\maven\LocalRepository\org\junit\jupiter\junit-jupiter\5.7.0\junit-jupiter-5.7.0.jar;D:\maven\LocalRepository\org\junit\jupiter\junit-jupiter-api\5.7.0\junit-jupiter-api-5.7.0.jar;D:\maven\LocalRepository\org\apiguardian\apiguardian-api\1.1.0\apiguardian-api-1.1.0.jar;D:\maven\LocalRepository\org\opentest4j\opentest4j\1.2.0\opentest4j-1.2.0.jar;D:\maven\LocalRepository\org\junit\platform\junit-platform-commons\1.7.0\junit-platform-commons-1.7.0.jar;D:\maven\LocalRepository\org\junit\jupiter\junit-jupiter-params\5.7.0\junit-jupiter-params-5.7.0.jar;D:\maven\LocalRepository\org\junit\jupiter\junit-jupiter-engine\5.7.0\junit-jupiter-engine-5.7.0.jar;D:\maven\LocalRepository\org\junit\platform\junit-platform-engine\1.7.0\junit-platform-engine-1.7.0.jar;D:\maven\LocalRepository\org\mockito\mockito-core\3.6.28\mockito-core-3.6.28.jar;D:\maven\LocalRepository\net\bytebuddy\byte-buddy\1.10.19\byte-buddy-1.10.19.jar;D:\maven\LocalRepository\net\bytebuddy\byte-buddy-agent\1.10.19\byte-buddy-agent-1.10.19.jar;D:\maven\LocalRepository\org\objenesis\objenesis\3.1\objenesis-3.1.jar;D:\maven\LocalRepository\org\mockito\mockito-junit-jupiter\3.6.28\mockito-junit-jupiter-3.6.28.jar;D:\maven\LocalRepository\org\skyscreamer\jsonassert\1.5.0\jsonassert-1.5.0.jar;D:\maven\LocalRepository\org\springframework\spring-test\5.3.3\spring-test-5.3.3.jar;D:\maven\LocalRepository\org\xmlunit\xmlunit-core\2.7.0\xmlunit-core-2.7.0.jar;D:\maven\LocalRepository\mysql\mysql-connector-java\8.0.23\mysql-connector-java-8.0.23.jar;D:\maven\LocalRepository\org\mybatis\mybatis\3.5.6\mybatis-3.5.6.jar;D:\maven\LocalRepository\org\springframework\boot\spring-boot-starter-web\2.4.2\spring-boot-starter-web-2.4.2.jar;D:\maven\LocalRepository\org\springframework\boot\spring-boot-starter-json\2.4.2\spring-boot-starter-json-2.4.2.jar;D:\maven\LocalRepository\com\fasterxml\jackson\core\jackson-databind\2.11.4\jackson-databind-2.11.4.jar;D:\maven\LocalRepository\com\fasterxml\jackson\core\jackson-annotations\2.11.4\jackson-annotations-2.11.4.jar;D:\maven\LocalRepository\com\fasterxml\jackson\core\jackson-core\2.11.4\jackson-core-2.11.4.jar;D:\maven\LocalRepository\com\fasterxml\jackson\datatype\jackson-datatype-jdk8\2.11.4\jackson-datatype-jdk8-2.11.4.jar;D:\maven\LocalRepository\com\fasterxml\jackson\datatype\jackson-datatype-jsr310\2.11.4\jackson-datatype-jsr310-2.11.4.jar;D:\maven\LocalRepository\com\fasterxml\jackson\module\jackson-module-parameter-names\2.11.4\jackson-module-parameter-names-2.11.4.jar;D:\maven\LocalRepository\org\springframework\spring-web\5.3.3\spring-web-5.3.3.jar;D:\maven\LocalRepository\org\springframework\spring-beans\5.3.3\spring-beans-5.3.3.jar;D:\maven\LocalRepository\org\springframework\spring-webmvc\5.3.3\spring-webmvc-5.3.3.jar;D:\maven\LocalRepository\org\springframework\spring-aop\5.3.3\spring-aop-5.3.3.jar;D:\maven\LocalRepository\org\springframework\spring-expression\5.3.3\spring-expression-5.3.3.jar;D:\maven\LocalRepository\org\mybatis\spring\boot\mybatis-spring-boot-starter\2.1.4\mybatis-spring-boot-starter-2.1.4.jar;D:\maven\LocalRepository\org\springframework\boot\spring-boot-starter-jdbc\2.4.2\spring-boot-starter-jdbc-2.4.2.jar;D:\maven\LocalRepository\com\zaxxer\HikariCP\3.4.5\HikariCP-3.4.5.jar;D:\maven\LocalRepository\org\springframework\spring-jdbc\5.3.3\spring-jdbc-5.3.3.jar;D:\maven\LocalRepository\org\springframework\spring-tx\5.3.3\spring-tx-5.3.3.jar;D:\maven\LocalRepository\org\mybatis\spring\boot\mybatis-spring-boot-autoconfigure\2.1.4\mybatis-spring-boot-autoconfigure-2.1.4.jar;D:\maven\LocalRepository\org\mybatis\mybatis-spring\2.0.6\mybatis-spring-2.0.6.jar;D:\maven\LocalRepository\org\springframework\boot\spring-boot-starter-thymeleaf\2.4.2\spring-boot-starter-thymeleaf-2.4.2.jar;D:\maven\LocalRepository\org\thymeleaf\thymeleaf-spring5\3.0.12.RELEASE\thymeleaf-spring5-3.0.12.RELEASE.jar;D:\maven\LocalRepository\org\thymeleaf\thymeleaf\3.0.12.RELEASE\thymeleaf-3.0.12.RELEASE.jar;D:\maven\LocalRepository\org\attoparser\attoparser\2.0.5.RELEASE\attoparser-2.0.5.RELEASE.jar;D:\maven\LocalRepository\org\unbescape\unbescape\1.1.6.RELEASE\unbescape-1.1.6.RELEASE.jar;D:\maven\LocalRepository\org\thymeleaf\extras\thymeleaf-extras-java8time\3.0.4.RELEASE\thymeleaf-extras-java8time-3.0.4.RELEASE.jar;D:\maven\LocalRepository\com\vaadin\external\google\android-json\0.0.20131108.vaadin1\android-json-0.0.20131108.vaadin1.jar;D:\maven\LocalRepository\org\springframework\boot\spring-boot-starter-tomcat\2.4.2\spring-boot-starter-tomcat-2.4.2.jar;D:\maven\LocalRepository\org\apache\tomcat\embed\tomcat-embed-core\9.0.41\tomcat-embed-core-9.0.41.jar;D:\maven\LocalRepository\org\glassfish\jakarta.el\3.0.3\jakarta.el-3.0.3.jar;D:\maven\LocalRepository\org\apache\tomcat\embed\tomcat-embed-websocket\9.0.41\tomcat-embed-websocket-9.0.41.jar;D:\maven\LocalRepository\javax\servlet\javax.servlet-api\3.1.0\javax.servlet-api-3.1.0.jar;D:\maven\LocalRepository\commons-codec\commons-codec\1.6\commons-codec-1.6.jar;"/>
    <property name="sun.cpu.endian" value="little"/>
    <property name="user.home" value="C:\Users\18041"/>
    <property name="user.language" value="zh"/>
    <property name="java.specification.vendor" value="Oracle Corporation"/>
    <property name="java.home" value="D:\java\jdk\jre"/>
    <property name="basedir" value="E:\workspace\IDEA_workspace\myBlog\blog_back"/>
    <property name="file.separator" value="\"/>
    <property name="line.separator" value="&#10;"/>
    <property name="java.vm.specification.vendor" value="Oracle Corporation"/>
    <property name="java.specification.name" value="Java Platform API Specification"/>
    <property name="java.awt.graphicsenv" value="sun.awt.Win32GraphicsEnvironment"/>
    <property name="surefire.real.class.path" value="C:\Users\18041\AppData\Local\Temp\surefire4211127372012235755\surefirebooter5755926152464511483.jar"/>
    <property name="sun.boot.class.path" value="D:\java\jdk\jre\lib\resources.jar;D:\java\jdk\jre\lib\rt.jar;D:\java\jdk\jre\lib\sunrsasign.jar;D:\java\jdk\jre\lib\jsse.jar;D:\java\jdk\jre\lib\jce.jar;D:\java\jdk\jre\lib\charsets.jar;D:\java\jdk\jre\lib\jfr.jar;D:\java\jdk\jre\classes"/>
    <property name="user.script" value=""/>
    <property name="sun.management.compiler" value="HotSpot 64-Bit Tiered Compilers"/>
    <property name="java.runtime.version" value="1.8.0_201-b09"/>
    <property name="user.name" value="18041"/>
    <property name="path.separator" value=";"/>
    <property name="os.version" value="10.0"/>
    <property name="java.endorsed.dirs" value="D:\java\jdk\jre\lib\endorsed"/>
    <property name="java.runtime.name" value="Java(TM) SE Runtime Environment"/>
    <property name="file.encoding" value="GBK"/>
    <property name="java.vm.name" value="Java HotSpot(TM) 64-Bit Server VM"/>
    <property name="localRepository" value="D:\maven\LocalRepository"/>
    <property name="java.vendor.url.bug" value="http://bugreport.sun.com/bugreport/"/>
    <property name="java.io.tmpdir" value="C:\Users\18041\AppData\Local\Temp\"/>
    <property name="idea.version" value="2020.3.2"/>
    <property name="java.version" value="1.8.0_201"/>
    <property name="user.dir" value="E:\workspace\IDEA_workspace\myBlog\blog_back"/>
    <property name="os.arch" value="amd64"/>
    <property name="java.vm.specification.name" value="Java Virtual Machine Specification"/>
    <property name="java.awt.printerjob" value="sun.awt.windows.WPrinterJob"/>
    <property name="sun.os.patch.level" value=""/>
    <property name="java.library.path" value="D:\java\jdk\jre\bin;C:\Windows\Sun\Java\bin;C:\Windows\system32;C:\Windows;D:\VMware\install\bin\;C:\Program Files (x86)\Common Files\Oracle\Java\javapath;C:\Program Files\NVIDIA GPU Computing Toolkit\CUDA\v10.2\bin;C:\Program Files\NVIDIA GPU Computing Toolkit\CUDA\v10.2\libnvvp;C:\Windows\system32;C:\Windows;C:\Windows\System32\Wbem;C:\Windows\System32\WindowsPowerShell\v1.0\;C:\Windows\System32\OpenSSH\;C:\Program Files\NVIDIA Corporation\Nsight Compute 2019.5.0\;C:\Program Files (x86)\NVIDIA Corporation\PhysX\Common;D:\python\install\Scripts\;D:\python\install\;C:\Program Files\dotnet\;D:\git\install\Git\cmd;D:\java\jdk\bin;D:\java\jdk\jre\bin;D:\maven\apache-maven-3.6.3\bin;D:\mysql\MySQL\MySQL Server 8.0\bin;D:\node\install\;D:\node\install\node_modules;C:\Users\18041\AppData\Local\Microsoft\WindowsApps;E:\bandizip\install\;E:\latex\textlive_install\texlive\2021\bin\win32;C:\Users\18041\.dotnet\tools;D:\bandizip\install\;D:\vscode\install\Microsoft VS Code\bin;D:\latex\textlive_install\texlive\2021\bin\win32;C:\Users\18041\AppData\Roaming\npm;."/>
    <property name="java.vm.info" value="mixed mode"/>
    <property name="java.vendor" value="Oracle Corporation"/>
    <property name="java.vm.version" value="25.201-b09"/>
    <property name="java.ext.dirs" value="D:\java\jdk\jre\lib\ext;C:\Windows\Sun\Java\lib\ext"/>
    <property name="sun.io.unicode.encoding" value="UnicodeLittle"/>
    <property name="maven.repo.local" value="D:\maven\LocalRepository"/>
    <property name="java.class.version" value="52.0"/>
  </properties>
  <testcase name="contextLoads" classname="com.example.demo.DemoApplicationTests" time="0.214"/>
</testsuite>